<?xml version="1.0" encoding="UTF-8"?>
<testsuite xmlns:xsi="http://www.w3.org/2001/XMLSchema-instance" xsi:noNamespaceSchemaLocation="https://maven.apache.org/surefire/maven-surefire-plugin/xsd/surefire-test-report.xsd" name="com.mycompany.app.AppTest" time="0.067" tests="1" errors="0" skipped="0" failures="0">
  <properties>
    <property name="sun.desktop" value="windows"/>
    <property name="awt.toolkit" value="sun.awt.windows.WToolkit"/>
    <property name="file.encoding.pkg" value="sun.io"/>
    <property name="java.specification.version" value="1.8"/>
    <property name="sun.cpu.isalist" value="amd64"/>
    <property name="sun.jnu.encoding" value="Cp1252"/>
    <property name="java.class.path" value="C:\Users\shive\Downloads\Jenkins Tutorial For Beginners\[Tutsgalaxy.com] - Jenkins Tutorial For Beginners\7. Jenkins Integration with Maven\mvn_workspace\my-app\target\test-classes;C:\Users\shive\Downloads\Jenkins Tutorial For Beginners\[Tutsgalaxy.com] - Jenkins Tutorial For Beginners\7. Jenkins Integration with Maven\mvn_workspace\my-app\target\classes;C:\Users\shive\.m2\repository\junit\junit\4.11\junit-4.11.jar;C:\Users\shive\.m2\repository\org\hamcrest\hamcrest-core\1.3\hamcrest-core-1.3.jar;"/>
    <property name="java.vm.vendor" value="Oracle Corporation"/>
    <property name="sun.arch.data.model" value="64"/>
    <property name="user.variant" value=""/>
    <property name="java.vendor.url" value="http://java.oracle.com/"/>
    <property name="user.timezone" value="Asia/Calcutta"/>
    <property name="java.vm.specification.version" value="1.8"/>
    <property name="os.name" value="Windows 10"/>
    <property name="user.country" value="IN"/>
    <property name="sun.java.launcher" value="SUN_STANDARD"/>
    <property name="sun.boot.library.path" value="E:\Java\jdk1.8.0_231\jre\bin"/>
    <property name="sun.java.command" value="C:\Users\shive\AppData\Local\Temp\surefire2678479660365457487\surefirebooter8420968830281773775.jar C:\Users\shive\AppData\Local\Temp\surefire2678479660365457487 2020-09-13T21-36-34_025-jvmRun1 surefire8491331306615312558tmp surefire_08234127944150944554tmp"/>
    <property name="surefire.test.class.path" value="C:\Users\shive\Downloads\Jenkins Tutorial For Beginners\[Tutsgalaxy.com] - Jenkins Tutorial For Beginners\7. Jenkins Integration with Maven\mvn_workspace\my-app\target\test-classes;C:\Users\shive\Downloads\Jenkins Tutorial For Beginners\[Tutsgalaxy.com] - Jenkins Tutorial For Beginners\7. Jenkins Integration with Maven\mvn_workspace\my-app\target\classes;C:\Users\shive\.m2\repository\junit\junit\4.11\junit-4.11.jar;C:\Users\shive\.m2\repository\org\hamcrest\hamcrest-core\1.3\hamcrest-core-1.3.jar;"/>
    <property name="sun.cpu.endian" value="little"/>
    <property name="user.home" value="C:\Users\shive"/>
    <property name="user.language" value="en"/>
    <property name="java.specification.vendor" value="Oracle Corporation"/>
    <property name="java.home" value="E:\Java\jdk1.8.0_231\jre"/>
    <property name="basedir" value="C:\Users\shive\Downloads\Jenkins Tutorial For Beginners\[Tutsgalaxy.com] - Jenkins Tutorial For Beginners\7. Jenkins Integration with Maven\mvn_workspace\my-app"/>
    <property name="file.separator" value="\"/>
    <property name="line.separator" value="&#10;"/>
    <property name="java.vm.specification.vendor" value="Oracle Corporation"/>
    <property name="java.specification.name" value="Java Platform API Specification"/>
    <property name="java.awt.graphicsenv" value="sun.awt.Win32GraphicsEnvironment"/>
    <property name="surefire.real.class.path" value="C:\Users\shive\AppData\Local\Temp\surefire2678479660365457487\surefirebooter8420968830281773775.jar"/>
    <property name="sun.boot.class.path" value="E:\Java\jdk1.8.0_231\jre\lib\resources.jar;E:\Java\jdk1.8.0_231\jre\lib\rt.jar;E:\Java\jdk1.8.0_231\jre\lib\sunrsasign.jar;E:\Java\jdk1.8.0_231\jre\lib\jsse.jar;E:\Java\jdk1.8.0_231\jre\lib\jce.jar;E:\Java\jdk1.8.0_231\jre\lib\charsets.jar;E:\Java\jdk1.8.0_231\jre\lib\jfr.jar;E:\Java\jdk1.8.0_231\jre\classes"/>
    <property name="user.script" value=""/>
    <property name="sun.management.compiler" value="HotSpot 64-Bit Tiered Compilers"/>
    <property name="java.runtime.version" value="1.8.0_231-b11"/>
    <property name="user.name" value="shive"/>
    <property name="path.separator" value=";"/>
    <property name="os.version" value="10.0"/>
    <property name="java.endorsed.dirs" value="E:\Java\jdk1.8.0_231\jre\lib\endorsed"/>
    <property name="java.runtime.name" value="Java(TM) SE Runtime Environment"/>
    <property name="file.encoding" value="Cp1252"/>
    <property name="java.vm.name" value="Java HotSpot(TM) 64-Bit Server VM"/>
    <property name="localRepository" value="C:\Users\shive\.m2\repository"/>
    <property name="java.vendor.url.bug" value="http://bugreport.sun.com/bugreport/"/>
    <property name="java.io.tmpdir" value="C:\Users\shive\AppData\Local\Temp\"/>
    <property name="java.version" value="1.8.0_231"/>
    <property name="user.dir" value="C:\Users\shive\Downloads\Jenkins Tutorial For Beginners\[Tutsgalaxy.com] - Jenkins Tutorial For Beginners\7. Jenkins Integration with Maven\mvn_workspace\my-app"/>
    <property name="os.arch" value="amd64"/>
    <property name="java.vm.specification.name" value="Java Virtual Machine Specification"/>
    <property name="java.awt.printerjob" value="sun.awt.windows.WPrinterJob"/>
    <property name="sun.os.patch.level" value=""/>
    <property name="java.library.path" value="E:\Java\jdk1.8.0_231\jre\bin;C:\WINDOWS\Sun\Java\bin;C:\WINDOWS\system32;C:\WINDOWS;C:\Users\shive\AppData\Local\Programs\Python\Python38\Scripts\;C:\Users\shive\AppData\Local\Programs\Python\Python38\;E:\Java\jdk1.8.0_231\bin;C:\Program Files\SourceGear\Common\DiffMerge\;C:\WINDOWS\system32;C:\WINDOWS;C:\WINDOWS\System32\Wbem;C:\WINDOWS\System32\WindowsPowerShell\v1.0\;C:\WINDOWS\System32\OpenSSH\;C:\Program Files\nodejs\;C:\ProgramData\chocolatey\bin;E:\TortoiseGit\bin;C:\Program Files\Amazon\AWSCLIV2\;C:\Program Files\Git\cmd;C:\Program Files\MySQL\MySQL Shell 8.0\bin\;E:\Java\jdk1.8.0_231\bin;C:\Users\shive\Downloads\apache-maven-3.6.3-bin\apache-maven-3.6.3\bin;;E:\IntellJ\IntelliJ IDEA Community Edition 2019.3.4\bin;;C:\Users\shive\AppData\Local\Microsoft\WindowsApps;C:\Users\shive\AppData\Roaming\npm;."/>
    <property name="java.vm.info" value="mixed mode"/>
    <property name="java.vendor" value="Oracle Corporation"/>
    <property name="java.vm.version" value="25.231-b11"/>
    <property name="java.ext.dirs" value="E:\Java\jdk1.8.0_231\jre\lib\ext;C:\WINDOWS\Sun\Java\lib\ext"/>
    <property name="sun.io.unicode.encoding" value="UnicodeLittle"/>
    <property name="java.class.version" value="52.0"/>
  </properties>
  <testcase name="shouldAnswerWithTrue" classname="com.mycompany.app.AppTest" time="0.005"/>
</testsuite>